16:17:26 **** Incremental Build of configuration Debug for project Dual_Stopwatch ****
make all 
Building file: ../main.c
Invoking: AVR Compiler
avr-gcc -Wall -g2 -gstabs -O0 -fpack-struct -fshort-enums -ffunction-sections -fdata-sections -std=gnu99 -funsigned-char -funsigned-bitfields -mmcu=atmega32 -DF_CPU=16000000UL -MMD -MP -MF"main.d" -MT"main.o" -c -o "main.o" "../main.c"
In file included from ../main.c:9:
c:/winavr-20100110/lib/gcc/../../avr/include/util/delay.h:90:3: warning: #warning "Compiler optimizations disabled; functions from <util/delay.h> won't work as designed"
Finished building: ../main.c
 
Building target: Dual_Stopwatch.elf
Invoking: AVR C Linker
avr-gcc -Wl,-Map,Dual_Stopwatch.map -mmcu=atmega32 -o "Dual_Stopwatch.elf"  ./main.o   
Finished building target: Dual_Stopwatch.elf
 
Invoking: AVR Create Extended Listing
avr-objdump -h -S Dual_Stopwatch.elf  >"Dual_Stopwatch.lss"
Finished building: Dual_Stopwatch.lss
 
Invoking: Print Size
avr-size --format=avr --mcu=atmega32 Dual_Stopwatch.elf
AVR Memory Usage
----------------
Device: atmega32

Program:    6438 bytes (19.6% Full)
(.text + .data + .bootloader)

Data:         21 bytes (1.0% Full)
(.data + .bss + .noinit)


Finished building: sizedummy
 

16:17:27 Build Finished. 0 errors, 1 warnings. (took 773ms)

